2026-03-06  6:37:50 0 [Note] Starting MariaDB 12.2.2-MariaDB source revision d26a6f44c1f2119377e79a9540886c6d8c01472f server_uid unknown as process 31915
2026-03-06  6:37:50 0 [Warning] --innodb-file-per-table is deprecated and will be removed in a future release
2026-03-06  6:37:50 0 [Note] InnoDB: The first data file './ibdata1' did not exist. A new tablespace will be created!
2026-03-06  6:37:50 0 [Note] InnoDB: Compressed tables use zlib 1.3.1
2026-03-06  6:37:50 0 [Note] InnoDB: Number of transaction pools: 1
2026-03-06  6:37:50 0 [Note] InnoDB: Using ARMv8 crc32 + pmull instructions
2026-03-06  6:37:50 0 [Note] InnoDB: innodb_buffer_pool_size_max=64m, innodb_buffer_pool_size=64m
2026-03-06  6:37:50 0 [Note] InnoDB: Completed initialization of buffer pool
2026-03-06  6:37:50 0 [Note] InnoDB: Setting file './ibdata1' size to 12.000MiB. Physically writing the file full; Please wait ...
2026-03-06  6:37:50 0 [Note] InnoDB: File './ibdata1' size is now 12.000MiB.
2026-03-06  6:37:51 0 [Note] InnoDB: Buffered log writes (block size=512 bytes)
2026-03-06  6:37:51 0 [Note] InnoDB: Data file .//undo001 did not exist: new to be created
2026-03-06  6:37:51 0 [Note] InnoDB: Setting file .//undo001 size to 10.000MiB
2026-03-06  6:37:51 0 [Note] InnoDB: Database physically writes the file full: wait...
2026-03-06  6:37:51 0 [Note] InnoDB: Data file .//undo002 did not exist: new to be created
2026-03-06  6:37:51 0 [Note] InnoDB: Setting file .//undo002 size to 10.000MiB
2026-03-06  6:37:51 0 [Note] InnoDB: Database physically writes the file full: wait...
2026-03-06  6:37:51 0 [Note] InnoDB: Data file .//undo003 did not exist: new to be created
2026-03-06  6:37:51 0 [Note] InnoDB: Setting file .//undo003 size to 10.000MiB
2026-03-06  6:37:51 0 [Note] InnoDB: Database physically writes the file full: wait...
2026-03-06  6:37:51 0 [Note] InnoDB: Doublewrite buffer not found: creating new
2026-03-06  6:37:51 0 [Note] InnoDB: Doublewrite buffer created
2026-03-06  6:37:51 0 [Note] InnoDB: Opened 3 undo tablespaces
2026-03-06  6:37:51 0 [Note] InnoDB: 128 rollback segments in 3 undo tablespaces are active.
2026-03-06  6:37:51 0 [Note] InnoDB: Setting file './ibtmp1' size to 12.000MiB. Physically writing the file full; Please wait ...
2026-03-06  6:37:51 0 [Note] InnoDB: File './ibtmp1' size is now 12.000MiB.
2026-03-06  6:37:51 0 [Note] InnoDB: log sequence number 0; transaction id 3
2026-03-06  6:37:51 0 [Note] Plugin 'FEEDBACK' is disabled.
2026-03-06  6:37:51 0 [ERROR] Could not open mysql.plugin table: "Table 'mysql.plugin' doesn't exist". Some plugins may be not loaded
2026-03-06  6:37:51 0 [ERROR] Can't open and lock privilege tables: Table 'mysql.servers' doesn't exist
2026-03-06  6:37:56 0 [Note] Server socket created on IP: '127.0.0.1', port: '3306'.
2026-03-06  6:37:56 0 [ERROR] Fatal error: Can't open and lock privilege tables: Table 'mysql.db' doesn't exist
2026-03-06  6:37:56 0 [ERROR] Aborting
2026-03-06  6:48:53 0 [Note] Starting MariaDB 12.2.2-MariaDB source revision d26a6f44c1f2119377e79a9540886c6d8c01472f server_uid unknown as process 3436
2026-03-06  6:48:53 0 [Warning] --innodb-file-per-table is deprecated and will be removed in a future release
2026-03-06  6:48:53 0 [Note] InnoDB: Compressed tables use zlib 1.3.1
2026-03-06  6:48:53 0 [Note] InnoDB: Number of transaction pools: 1
2026-03-06  6:48:53 0 [Note] InnoDB: Using ARMv8 crc32 + pmull instructions
2026-03-06  6:48:53 0 [Note] InnoDB: innodb_buffer_pool_size_max=64m, innodb_buffer_pool_size=64m
2026-03-06  6:48:53 0 [Note] InnoDB: Completed initialization of buffer pool
2026-03-06  6:48:53 0 [Note] InnoDB: Buffered log writes (block size=512 bytes)
2026-03-06  6:48:53 0 [Note] InnoDB: End of log at LSN=36681
2026-03-06  6:48:53 0 [Note] InnoDB: Opened 3 undo tablespaces
2026-03-06  6:48:53 0 [Note] InnoDB: 128 rollback segments in 3 undo tablespaces are active.
2026-03-06  6:48:53 0 [Note] InnoDB: Setting file './ibtmp1' size to 12.000MiB. Physically writing the file full; Please wait ...
2026-03-06  6:48:53 0 [Note] InnoDB: File './ibtmp1' size is now 12.000MiB.
2026-03-06  6:48:53 0 [Note] InnoDB: log sequence number 36681; transaction id 4
2026-03-06  6:48:53 0 [Note] Plugin 'FEEDBACK' is disabled.
2026-03-06  6:48:53 0 [Note] InnoDB: Loading buffer pool(s) from /data/data/com.termux/files/home/nginx-portable/mysql/data/ib_buffer_pool
2026-03-06  6:48:53 0 [ERROR] Could not open mysql.plugin table: "Table 'mysql.plugin' doesn't exist". Some plugins may be not loaded
2026-03-06  6:48:53 0 [Note] InnoDB: Buffer pool(s) load completed at 260306  6:48:53
2026-03-06  6:48:53 0 [ERROR] Can't open and lock privilege tables: Table 'mysql.servers' doesn't exist
2026-03-06  6:49:01 0 [Note] Server socket created on IP: '127.0.0.1', port: '3306'.
2026-03-06  6:49:01 0 [ERROR] Fatal error: Can't open and lock privilege tables: Table 'mysql.db' doesn't exist
2026-03-06  6:49:01 0 [ERROR] Aborting
2026-03-06  6:59:06 0 [Note] Starting MariaDB 12.2.2-MariaDB source revision d26a6f44c1f2119377e79a9540886c6d8c01472f server_uid unknown as process 5748
2026-03-06  6:59:07 0 [Warning] --innodb-file-per-table is deprecated and will be removed in a future release
2026-03-06  6:59:07 0 [Note] InnoDB: Compressed tables use zlib 1.3.1
2026-03-06  6:59:07 0 [Note] InnoDB: Number of transaction pools: 1
2026-03-06  6:59:07 0 [Note] InnoDB: Using ARMv8 crc32 + pmull instructions
2026-03-06  6:59:07 0 [Note] InnoDB: innodb_buffer_pool_size_max=64m, innodb_buffer_pool_size=64m
2026-03-06  6:59:07 0 [Note] InnoDB: Completed initialization of buffer pool
2026-03-06  6:59:07 0 [Note] InnoDB: Buffered log writes (block size=512 bytes)
2026-03-06  6:59:07 0 [Note] InnoDB: End of log at LSN=45616
2026-03-06  6:59:07 0 [Note] InnoDB: Resizing redo log from 96.000MiB to 16.000MiB; LSN=45616
2026-03-06  6:59:07 0 [Note] InnoDB: Buffered log writes (block size=512 bytes)
2026-03-06  6:59:07 0 [Note] InnoDB: Opened 3 undo tablespaces
2026-03-06  6:59:07 0 [Note] InnoDB: 128 rollback segments in 3 undo tablespaces are active.
2026-03-06  6:59:07 0 [Note] InnoDB: Setting file './ibtmp1' size to 12.000MiB. Physically writing the file full; Please wait ...
2026-03-06  6:59:07 0 [Note] InnoDB: File './ibtmp1' size is now 12.000MiB.
2026-03-06  6:59:07 0 [Note] InnoDB: log sequence number 45616; transaction id 14
2026-03-06  6:59:07 0 [Note] InnoDB: Loading buffer pool(s) from /data/data/com.termux/files/home/nginx-portable/mysql/data/ib_buffer_pool
2026-03-06  6:59:07 0 [Note] Plugin 'FEEDBACK' is disabled.
2026-03-06  6:59:07 0 [Note] InnoDB: Buffer pool(s) load completed at 260306  6:59:07
2026-03-06  6:59:10 0 [Note] Server socket created on IP: '127.0.0.1', port: '3306'.
2026-03-06  6:59:10 0 [Note] mysqld: Event Scheduler: Loaded 0 events
2026-03-06  6:59:10 0 [Note] /data/data/com.termux/files/home/nginx-portable/mysql/bin/mysqld: ready for connections.
Version: '12.2.2-MariaDB'  socket: '/data/data/com.termux/files/home/nginx-portable/mysql/run/mysqld.sock'  port: 3306  MariaDB Server
2026-03-06  6:59:45 0 [Note] /data/data/com.termux/files/home/nginx-portable/mysql/bin/mysqld (initiated by: unknown): Normal shutdown
2026-03-06  6:59:45 0 [Note] InnoDB: FTS optimize thread exiting.
2026-03-06  6:59:45 0 [Note] InnoDB: Starting shutdown...
2026-03-06  6:59:45 0 [Note] InnoDB: Dumping buffer pool(s) to /data/data/com.termux/files/home/nginx-portable/mysql/data/ib_buffer_pool
2026-03-06  6:59:45 0 [Note] InnoDB: Buffer pool(s) dump completed at 260306  6:59:45
2026-03-06  6:59:45 0 [Note] InnoDB: Removed temporary tablespace data file: "./ibtmp1"
2026-03-06  6:59:45 0 [Note] InnoDB: Shutdown completed; log sequence number 45632; transaction id 15
2026-03-06  6:59:45 0 [Note] /data/data/com.termux/files/home/nginx-portable/mysql/bin/mysqld: Shutdown complete
2026-03-06  7:01:13 0 [Note] Starting MariaDB 12.2.2-MariaDB source revision d26a6f44c1f2119377e79a9540886c6d8c01472f server_uid unknown as process 6514
2026-03-06  7:01:13 0 [Warning] --innodb-file-per-table is deprecated and will be removed in a future release
2026-03-06  7:01:13 0 [Note] InnoDB: Compressed tables use zlib 1.3.1
2026-03-06  7:01:13 0 [Note] InnoDB: Number of transaction pools: 1
2026-03-06  7:01:13 0 [Note] InnoDB: Using ARMv8 crc32 + pmull instructions
2026-03-06  7:01:13 0 [Note] InnoDB: innodb_buffer_pool_size_max=64m, innodb_buffer_pool_size=64m
2026-03-06  7:01:13 0 [Note] InnoDB: Completed initialization of buffer pool
2026-03-06  7:01:13 0 [Note] InnoDB: Buffered log writes (block size=512 bytes)
2026-03-06  7:01:13 0 [Note] InnoDB: End of log at LSN=45632
2026-03-06  7:01:13 0 [Note] InnoDB: Opened 3 undo tablespaces
2026-03-06  7:01:13 0 [Note] InnoDB: 128 rollback segments in 3 undo tablespaces are active.
2026-03-06  7:01:13 0 [Note] InnoDB: Setting file './ibtmp1' size to 12.000MiB. Physically writing the file full; Please wait ...
2026-03-06  7:01:13 0 [Note] InnoDB: File './ibtmp1' size is now 12.000MiB.
2026-03-06  7:01:13 0 [Note] InnoDB: log sequence number 45632; transaction id 14
2026-03-06  7:01:13 0 [Note] Plugin 'FEEDBACK' is disabled.
2026-03-06  7:01:13 0 [Note] InnoDB: Loading buffer pool(s) from /data/data/com.termux/files/home/nginx-portable/mysql/data/ib_buffer_pool
2026-03-06  7:01:13 0 [Note] InnoDB: Buffer pool(s) load completed at 260306  7:01:13
2026-03-06  7:01:16 0 [Note] Server socket created on IP: '127.0.0.1', port: '3306'.
2026-03-06  7:01:16 0 [Note] mysqld: Event Scheduler: Loaded 0 events
2026-03-06  7:01:16 0 [Note] /data/data/com.termux/files/home/nginx-portable/mysql/bin/mysqld: ready for connections.
Version: '12.2.2-MariaDB'  socket: '/data/data/com.termux/files/home/nginx-portable/mysql/run/mysqld.sock'  port: 3306  MariaDB Server
2026-03-06  7:02:15 0 [Note] /data/data/com.termux/files/home/nginx-portable/mysql/bin/mysqld (initiated by: root[root] @ localhost []): Normal shutdown
2026-03-06  7:02:15 0 [Note] InnoDB: FTS optimize thread exiting.
2026-03-06  7:02:15 0 [Note] InnoDB: Starting shutdown...
2026-03-06  7:02:15 0 [Note] InnoDB: Dumping buffer pool(s) to /data/data/com.termux/files/home/nginx-portable/mysql/data/ib_buffer_pool
2026-03-06  7:02:15 0 [Note] InnoDB: Buffer pool(s) dump completed at 260306  7:02:15
2026-03-06  7:02:15 0 [Note] InnoDB: Removed temporary tablespace data file: "./ibtmp1"
2026-03-06  7:02:15 0 [Note] InnoDB: Shutdown completed; log sequence number 45632; transaction id 15
2026-03-06  7:02:15 0 [Note] /data/data/com.termux/files/home/nginx-portable/mysql/bin/mysqld: Shutdown complete
2026-03-06  7:02:26 0 [Note] Starting MariaDB 12.2.2-MariaDB source revision d26a6f44c1f2119377e79a9540886c6d8c01472f server_uid unknown as process 7036
2026-03-06  7:02:26 0 [Warning] --innodb-file-per-table is deprecated and will be removed in a future release
2026-03-06  7:02:26 0 [Note] InnoDB: Compressed tables use zlib 1.3.1
2026-03-06  7:02:26 0 [Note] InnoDB: Number of transaction pools: 1
2026-03-06  7:02:26 0 [Note] InnoDB: Using ARMv8 crc32 + pmull instructions
2026-03-06  7:02:26 0 [Note] InnoDB: innodb_buffer_pool_size_max=64m, innodb_buffer_pool_size=64m
2026-03-06  7:02:26 0 [Note] InnoDB: Completed initialization of buffer pool
2026-03-06  7:02:26 0 [Note] InnoDB: Buffered log writes (block size=512 bytes)
2026-03-06  7:02:26 0 [Note] InnoDB: End of log at LSN=45632
2026-03-06  7:02:26 0 [Note] InnoDB: Opened 3 undo tablespaces
2026-03-06  7:02:26 0 [Note] InnoDB: 128 rollback segments in 3 undo tablespaces are active.
2026-03-06  7:02:26 0 [Note] InnoDB: Setting file './ibtmp1' size to 12.000MiB. Physically writing the file full; Please wait ...
2026-03-06  7:02:26 0 [Note] InnoDB: File './ibtmp1' size is now 12.000MiB.
2026-03-06  7:02:26 0 [Note] InnoDB: log sequence number 45632; transaction id 14
2026-03-06  7:02:26 0 [Note] Plugin 'FEEDBACK' is disabled.
2026-03-06  7:02:26 0 [Note] InnoDB: Loading buffer pool(s) from /data/data/com.termux/files/home/nginx-portable/mysql/data/ib_buffer_pool
2026-03-06  7:02:26 0 [Note] InnoDB: Buffer pool(s) load completed at 260306  7:02:26
2026-03-06  7:02:35 0 [Note] Server socket created on IP: '127.0.0.1', port: '3306'.
2026-03-06  7:02:35 0 [Note] mysqld: Event Scheduler: Loaded 0 events
2026-03-06  7:02:35 0 [Note] /data/data/com.termux/files/home/nginx-portable/mysql/bin/mysqld: ready for connections.
Version: '12.2.2-MariaDB'  socket: '/data/data/com.termux/files/home/nginx-portable/mysql/run/mysqld.sock'  port: 3306  MariaDB Server
2026-03-06  7:15:24 0 [Note] /data/data/com.termux/files/home/nginx-portable/mysql/bin/mysqld (initiated by: unknown): Normal shutdown
2026-03-06  7:15:24 0 [Note] InnoDB: FTS optimize thread exiting.
2026-03-06  7:15:24 0 [Note] InnoDB: Starting shutdown...
2026-03-06  7:15:24 0 [Note] InnoDB: Dumping buffer pool(s) to /data/data/com.termux/files/home/nginx-portable/mysql/data/ib_buffer_pool
2026-03-06  7:15:24 0 [Note] InnoDB: Buffer pool(s) dump completed at 260306  7:15:24
2026-03-06  7:15:24 0 [Note] InnoDB: Removed temporary tablespace data file: "./ibtmp1"
2026-03-06  7:15:24 0 [Note] InnoDB: Shutdown completed; log sequence number 45632; transaction id 15
2026-03-06  7:15:24 0 [Note] /data/data/com.termux/files/home/nginx-portable/mysql/bin/mysqld: Shutdown complete
2026-03-06  7:17:05 0 [Note] Starting MariaDB 12.2.2-MariaDB source revision d26a6f44c1f2119377e79a9540886c6d8c01472f server_uid unknown as process 15198
2026-03-06  7:17:05 0 [Warning] --innodb-file-per-table is deprecated and will be removed in a future release
2026-03-06  7:17:05 0 [Note] InnoDB: Compressed tables use zlib 1.3.1
2026-03-06  7:17:05 0 [Note] InnoDB: Number of transaction pools: 1
2026-03-06  7:17:05 0 [Note] InnoDB: Using ARMv8 crc32 + pmull instructions
2026-03-06  7:17:05 0 [Note] InnoDB: innodb_buffer_pool_size_max=64m, innodb_buffer_pool_size=64m
2026-03-06  7:17:05 0 [Note] InnoDB: Completed initialization of buffer pool
2026-03-06  7:17:05 0 [Note] InnoDB: Buffered log writes (block size=512 bytes)
2026-03-06  7:17:05 0 [Note] InnoDB: End of log at LSN=45632
2026-03-06  7:17:05 0 [Note] InnoDB: Opened 3 undo tablespaces
2026-03-06  7:17:05 0 [Note] InnoDB: 128 rollback segments in 3 undo tablespaces are active.
2026-03-06  7:17:05 0 [Note] InnoDB: Setting file './ibtmp1' size to 12.000MiB. Physically writing the file full; Please wait ...
2026-03-06  7:17:05 0 [Note] InnoDB: File './ibtmp1' size is now 12.000MiB.
2026-03-06  7:17:05 0 [Note] InnoDB: log sequence number 45632; transaction id 14
2026-03-06  7:17:05 0 [Note] Plugin 'FEEDBACK' is disabled.
2026-03-06  7:17:05 0 [Note] InnoDB: Loading buffer pool(s) from /data/data/com.termux/files/home/nginx-portable/mysql/data/ib_buffer_pool
2026-03-06  7:17:05 0 [Note] InnoDB: Buffer pool(s) load completed at 260306  7:17:05
2026-03-06  7:17:08 0 [Note] Server socket created on IP: '127.0.0.1', port: '3306'.
2026-03-06  7:17:08 0 [Note] mysqld: Event Scheduler: Loaded 0 events
2026-03-06  7:17:08 0 [Note] /data/data/com.termux/files/home/nginx-portable/mysql/bin/mysqld: ready for connections.
Version: '12.2.2-MariaDB'  socket: '/data/data/com.termux/files/home/nginx-portable/mysql/run/mysqld.sock'  port: 3306  MariaDB Server
2026-03-06  7:29:27 0 [Note] /data/data/com.termux/files/home/nginx-portable/mysql/bin/mysqld (initiated by: root[root] @ localhost []): Normal shutdown
2026-03-06  7:29:27 0 [Note] InnoDB: FTS optimize thread exiting.
2026-03-06  7:29:27 0 [Note] InnoDB: Starting shutdown...
2026-03-06  7:29:27 0 [Note] InnoDB: Dumping buffer pool(s) to /data/data/com.termux/files/home/nginx-portable/mysql/data/ib_buffer_pool
2026-03-06  7:29:27 0 [Note] InnoDB: Buffer pool(s) dump completed at 260306  7:29:27
2026-03-06  7:29:27 0 [Note] InnoDB: Removed temporary tablespace data file: "./ibtmp1"
2026-03-06  7:29:27 0 [Note] InnoDB: Shutdown completed; log sequence number 45632; transaction id 15
2026-03-06  7:29:27 0 [Note] /data/data/com.termux/files/home/nginx-portable/mysql/bin/mysqld: Shutdown complete
2026-03-06  7:41:47 0 [Note] Starting MariaDB 12.2.2-MariaDB source revision d26a6f44c1f2119377e79a9540886c6d8c01472f server_uid unknown as process 29759
2026-03-06  7:41:47 0 [Warning] --innodb-file-per-table is deprecated and will be removed in a future release
2026-03-06  7:41:47 0 [Note] InnoDB: Compressed tables use zlib 1.3.1
2026-03-06  7:41:47 0 [Note] InnoDB: Number of transaction pools: 1
2026-03-06  7:41:47 0 [Note] InnoDB: Using ARMv8 crc32 + pmull instructions
2026-03-06  7:41:47 0 [Note] InnoDB: innodb_buffer_pool_size_max=64m, innodb_buffer_pool_size=64m
2026-03-06  7:41:47 0 [Note] InnoDB: Completed initialization of buffer pool
2026-03-06  7:41:47 0 [Note] InnoDB: Buffered log writes (block size=512 bytes)
2026-03-06  7:41:47 0 [Note] InnoDB: End of log at LSN=45632
2026-03-06  7:41:47 0 [Note] InnoDB: Opened 3 undo tablespaces
2026-03-06  7:41:47 0 [Note] InnoDB: 128 rollback segments in 3 undo tablespaces are active.
2026-03-06  7:41:47 0 [Note] InnoDB: Setting file './ibtmp1' size to 12.000MiB. Physically writing the file full; Please wait ...
2026-03-06  7:41:47 0 [Note] InnoDB: File './ibtmp1' size is now 12.000MiB.
2026-03-06  7:41:47 0 [Note] InnoDB: log sequence number 45632; transaction id 14
2026-03-06  7:41:47 0 [Note] Plugin 'FEEDBACK' is disabled.
2026-03-06  7:41:47 0 [Note] InnoDB: Loading buffer pool(s) from /data/data/com.termux/files/home/nginx-portable/mysql/data/ib_buffer_pool
2026-03-06  7:41:47 0 [Note] InnoDB: Buffer pool(s) load completed at 260306  7:41:47
2026-03-06  7:41:53 0 [Note] Server socket created on IP: '127.0.0.1', port: '3306'.
2026-03-06  7:41:53 0 [Note] mysqld: Event Scheduler: Loaded 0 events
2026-03-06  7:41:53 0 [Note] /data/data/com.termux/files/home/nginx-portable/mysql/bin/mysqld: ready for connections.
Version: '12.2.2-MariaDB'  socket: '/data/data/com.termux/files/home/nginx-portable/mysql/run/mysqld.sock'  port: 3306  MariaDB Server
2026-03-06  7:42:32 0 [Note] /data/data/com.termux/files/home/nginx-portable/mysql/bin/mysqld (initiated by: root[root] @ localhost []): Normal shutdown
2026-03-06  7:42:32 0 [Note] InnoDB: FTS optimize thread exiting.
2026-03-06  7:42:32 0 [Note] InnoDB: Starting shutdown...
2026-03-06  7:42:32 0 [Note] InnoDB: Dumping buffer pool(s) to /data/data/com.termux/files/home/nginx-portable/mysql/data/ib_buffer_pool
2026-03-06  7:42:32 0 [Note] InnoDB: Buffer pool(s) dump completed at 260306  7:42:32
2026-03-06  7:42:33 0 [Note] InnoDB: Removed temporary tablespace data file: "./ibtmp1"
2026-03-06  7:42:33 0 [Note] InnoDB: Shutdown completed; log sequence number 45632; transaction id 15
2026-03-06  7:42:33 0 [Note] /data/data/com.termux/files/home/nginx-portable/mysql/bin/mysqld: Shutdown complete
