[05-Mar-2026 22:19:47] NOTICE: [global]
[05-Mar-2026 22:19:47] NOTICE: 	pid = /data/data/com.termux/files/home/nginx-portable/php/var/run/php-fpm.pid
[05-Mar-2026 22:19:47] NOTICE: 	error_log = /data/data/com.termux/files/home/nginx-portable/php/var/log/php-fpm.log
[05-Mar-2026 22:19:47] NOTICE: 	syslog.ident = php-fpm
[05-Mar-2026 22:19:47] NOTICE: 	syslog.facility = 24
[05-Mar-2026 22:19:47] NOTICE: 	log_buffering = yes
[05-Mar-2026 22:19:47] NOTICE: 	log_level = NOTICE
[05-Mar-2026 22:19:47] NOTICE: 	log_limit = 1024
[05-Mar-2026 22:19:47] NOTICE: 	emergency_restart_interval = 0s
[05-Mar-2026 22:19:47] NOTICE: 	emergency_restart_threshold = 0
[05-Mar-2026 22:19:47] NOTICE: 	process_control_timeout = 0s
[05-Mar-2026 22:19:47] NOTICE: 	process.max = 0
[05-Mar-2026 22:19:47] NOTICE: 	process.priority = undefined
[05-Mar-2026 22:19:47] NOTICE: 	daemonize = no
[05-Mar-2026 22:19:47] NOTICE: 	rlimit_files = 0
[05-Mar-2026 22:19:47] NOTICE: 	rlimit_core = 0
[05-Mar-2026 22:19:47] NOTICE: 	events.mechanism = epoll
[05-Mar-2026 22:19:47] NOTICE:  
[05-Mar-2026 22:19:47] NOTICE: [www]
[05-Mar-2026 22:19:47] NOTICE: 	prefix = undefined
[05-Mar-2026 22:19:47] NOTICE: 	user = undefined
[05-Mar-2026 22:19:47] NOTICE: 	group = undefined
[05-Mar-2026 22:19:47] NOTICE: 	listen = /data/data/com.termux/files/home/nginx-portable/php/var/run/php-fpm.sock
[05-Mar-2026 22:19:47] NOTICE: 	listen.backlog = -1
[05-Mar-2026 22:19:47] NOTICE: 	listen.owner = undefined
[05-Mar-2026 22:19:47] NOTICE: 	listen.group = undefined
[05-Mar-2026 22:19:47] NOTICE: 	listen.mode = 0666
[05-Mar-2026 22:19:47] NOTICE: 	listen.allowed_clients = undefined
[05-Mar-2026 22:19:47] NOTICE: 	process.priority = undefined
[05-Mar-2026 22:19:47] NOTICE: 	process.dumpable = no
[05-Mar-2026 22:19:47] NOTICE: 	pm = dynamic
[05-Mar-2026 22:19:47] NOTICE: 	pm.max_children = 5
[05-Mar-2026 22:19:47] NOTICE: 	pm.start_servers = 2
[05-Mar-2026 22:19:47] NOTICE: 	pm.min_spare_servers = 1
[05-Mar-2026 22:19:47] NOTICE: 	pm.max_spare_servers = 3
[05-Mar-2026 22:19:47] NOTICE: 	pm.max_spawn_rate = 32
[05-Mar-2026 22:19:47] NOTICE: 	pm.process_idle_timeout = 10
[05-Mar-2026 22:19:47] NOTICE: 	pm.max_requests = 500
[05-Mar-2026 22:19:47] NOTICE: 	pm.status_path = undefined
[05-Mar-2026 22:19:47] NOTICE: 	pm.status_listen = undefined
[05-Mar-2026 22:19:47] NOTICE: 	ping.path = undefined
[05-Mar-2026 22:19:47] NOTICE: 	ping.response = undefined
[05-Mar-2026 22:19:47] NOTICE: 	access.log = undefined
[05-Mar-2026 22:19:47] NOTICE: 	access.format = undefined
[05-Mar-2026 22:19:47] NOTICE: 	slowlog = /data/data/com.termux/files/home/nginx-portable/php/var/log/slow.log
[05-Mar-2026 22:19:47] NOTICE: 	request_slowlog_timeout = 0s
[05-Mar-2026 22:19:47] NOTICE: 	request_slowlog_trace_depth = 20
[05-Mar-2026 22:19:47] NOTICE: 	request_terminate_timeout = 0s
[05-Mar-2026 22:19:47] NOTICE: 	request_terminate_timeout_track_finished = no
[05-Mar-2026 22:19:47] NOTICE: 	rlimit_files = 0
[05-Mar-2026 22:19:47] NOTICE: 	rlimit_core = 0
[05-Mar-2026 22:19:47] NOTICE: 	chroot = undefined
[05-Mar-2026 22:19:47] NOTICE: 	chdir = undefined
[05-Mar-2026 22:19:47] NOTICE: 	catch_workers_output = no
[05-Mar-2026 22:19:47] NOTICE: 	decorate_workers_output = yes
[05-Mar-2026 22:19:47] NOTICE: 	clear_env = yes
[05-Mar-2026 22:19:47] NOTICE: 	security.limit_extensions = .php .phar
[05-Mar-2026 22:19:47] NOTICE: 	env[TEMP] = /data/data/com.termux/files/home/nginx-portable/php/tmp
[05-Mar-2026 22:19:47] NOTICE: 	env[TMPDIR] = /data/data/com.termux/files/home/nginx-portable/php/tmp
[05-Mar-2026 22:19:47] NOTICE: 	env[TMP] = /data/data/com.termux/files/home/nginx-portable/php/tmp
[05-Mar-2026 22:19:47] NOTICE: 	php_admin_value[log_errors] = 1
[05-Mar-2026 22:19:47] NOTICE: 	php_admin_value[error_log] = /data/data/com.termux/files/home/nginx-portable/php/var/log/php-error.log
[05-Mar-2026 22:19:47] NOTICE:  
[05-Mar-2026 22:19:47] NOTICE: configuration file /data/data/com.termux/files/home/nginx-portable/php/etc/php-fpm.conf test is successful
[05-Mar-2026 22:20:55] NOTICE: [global]
[05-Mar-2026 22:20:55] NOTICE: 	pid = /data/data/com.termux/files/home/nginx-portable/php/var/run/php-fpm.pid
[05-Mar-2026 22:20:55] NOTICE: 	error_log = /data/data/com.termux/files/home/nginx-portable/php/var/log/php-fpm.log
[05-Mar-2026 22:20:55] NOTICE: 	syslog.ident = php-fpm
[05-Mar-2026 22:20:55] NOTICE: 	syslog.facility = 24
[05-Mar-2026 22:20:55] NOTICE: 	log_buffering = yes
[05-Mar-2026 22:20:55] NOTICE: 	log_level = NOTICE
[05-Mar-2026 22:20:55] NOTICE: 	log_limit = 1024
[05-Mar-2026 22:20:55] NOTICE: 	emergency_restart_interval = 0s
[05-Mar-2026 22:20:55] NOTICE: 	emergency_restart_threshold = 0
[05-Mar-2026 22:20:55] NOTICE: 	process_control_timeout = 0s
[05-Mar-2026 22:20:55] NOTICE: 	process.max = 0
[05-Mar-2026 22:20:55] NOTICE: 	process.priority = undefined
[05-Mar-2026 22:20:55] NOTICE: 	daemonize = no
[05-Mar-2026 22:20:55] NOTICE: 	rlimit_files = 0
[05-Mar-2026 22:20:55] NOTICE: 	rlimit_core = 0
[05-Mar-2026 22:20:55] NOTICE: 	events.mechanism = epoll
[05-Mar-2026 22:20:55] NOTICE:  
[05-Mar-2026 22:20:55] NOTICE: [www]
[05-Mar-2026 22:20:55] NOTICE: 	prefix = undefined
[05-Mar-2026 22:20:55] NOTICE: 	user = undefined
[05-Mar-2026 22:20:55] NOTICE: 	group = undefined
[05-Mar-2026 22:20:55] NOTICE: 	listen = /data/data/com.termux/files/home/nginx-portable/php/var/run/php-fpm.sock
[05-Mar-2026 22:20:55] NOTICE: 	listen.backlog = -1
[05-Mar-2026 22:20:55] NOTICE: 	listen.owner = undefined
[05-Mar-2026 22:20:55] NOTICE: 	listen.group = undefined
[05-Mar-2026 22:20:55] NOTICE: 	listen.mode = 0666
[05-Mar-2026 22:20:55] NOTICE: 	listen.allowed_clients = undefined
[05-Mar-2026 22:20:55] NOTICE: 	process.priority = undefined
[05-Mar-2026 22:20:55] NOTICE: 	process.dumpable = no
[05-Mar-2026 22:20:55] NOTICE: 	pm = dynamic
[05-Mar-2026 22:20:55] NOTICE: 	pm.max_children = 5
[05-Mar-2026 22:20:55] NOTICE: 	pm.start_servers = 2
[05-Mar-2026 22:20:55] NOTICE: 	pm.min_spare_servers = 1
[05-Mar-2026 22:20:55] NOTICE: 	pm.max_spare_servers = 3
[05-Mar-2026 22:20:55] NOTICE: 	pm.max_spawn_rate = 32
[05-Mar-2026 22:20:55] NOTICE: 	pm.process_idle_timeout = 10
[05-Mar-2026 22:20:55] NOTICE: 	pm.max_requests = 500
[05-Mar-2026 22:20:55] NOTICE: 	pm.status_path = undefined
[05-Mar-2026 22:20:55] NOTICE: 	pm.status_listen = undefined
[05-Mar-2026 22:20:55] NOTICE: 	ping.path = undefined
[05-Mar-2026 22:20:55] NOTICE: 	ping.response = undefined
[05-Mar-2026 22:20:55] NOTICE: 	access.log = undefined
[05-Mar-2026 22:20:55] NOTICE: 	access.format = undefined
[05-Mar-2026 22:20:55] NOTICE: 	slowlog = /data/data/com.termux/files/home/nginx-portable/php/var/log/slow.log
[05-Mar-2026 22:20:55] NOTICE: 	request_slowlog_timeout = 0s
[05-Mar-2026 22:20:55] NOTICE: 	request_slowlog_trace_depth = 20
[05-Mar-2026 22:20:55] NOTICE: 	request_terminate_timeout = 0s
[05-Mar-2026 22:20:55] NOTICE: 	request_terminate_timeout_track_finished = no
[05-Mar-2026 22:20:55] NOTICE: 	rlimit_files = 0
[05-Mar-2026 22:20:55] NOTICE: 	rlimit_core = 0
[05-Mar-2026 22:20:55] NOTICE: 	chroot = undefined
[05-Mar-2026 22:20:55] NOTICE: 	chdir = undefined
[05-Mar-2026 22:20:55] NOTICE: 	catch_workers_output = no
[05-Mar-2026 22:20:55] NOTICE: 	decorate_workers_output = yes
[05-Mar-2026 22:20:55] NOTICE: 	clear_env = yes
[05-Mar-2026 22:20:55] NOTICE: 	security.limit_extensions = .php .phar
[05-Mar-2026 22:20:55] NOTICE: 	env[TEMP] = /data/data/com.termux/files/home/nginx-portable/php/tmp
[05-Mar-2026 22:20:55] NOTICE: 	env[TMPDIR] = /data/data/com.termux/files/home/nginx-portable/php/tmp
[05-Mar-2026 22:20:55] NOTICE: 	env[TMP] = /data/data/com.termux/files/home/nginx-portable/php/tmp
[05-Mar-2026 22:20:55] NOTICE: 	php_admin_value[log_errors] = 1
[05-Mar-2026 22:20:55] NOTICE: 	php_admin_value[error_log] = /data/data/com.termux/files/home/nginx-portable/php/var/log/php-error.log
[05-Mar-2026 22:20:55] NOTICE:  
[05-Mar-2026 22:20:55] NOTICE: configuration file /data/data/com.termux/files/home/nginx-portable/php/etc/php-fpm.conf test is successful
